#
# A fatal error has been detected by the Java Runtime Environment:
#
#  EXCEPTION_ACCESS_VIOLATION (0xc0000005) at pc=0x00000000567b5547, pid=14852, tid=0x0000000000003460
#
# JRE version: Java(TM) SE Runtime Environment (8.0_144-b01) (build 1.8.0_144-b01)
# Java VM: Java HotSpot(TM) 64-Bit Server VM (25.144-b01 mixed mode windows-amd64 compressed oops)
# Problematic frame:
# V  [jvm.dll+0x515547]
#
# Failed to write core dump. Minidumps are not enabled by default on client versions of Windows
#
# If you would like to submit a bug report, please visit:
#   http://bugreport.java.com/bugreport/crash.jsp
#

---------------  T H R E A D  ---------------

Current thread (0x000000001ea4f800):  JavaThread "C2 CompilerThread2" daemon [_thread_in_native, id=13408, stack(0x000000001f450000,0x000000001f550000)]

siginfo: ExceptionCode=0xc0000005, reading address 0x0000000000000028

Registers:
RAX=0x000000001ea74090, RBX=0x0000000000007460, RCX=0x0000000000000000, RDX=0x000000000000010a
RSP=0x000000001f54bd70, RBP=0x000000001f54be70, RSI=0x0000000000000006, RDI=0x000000001ed09c70
R8 =0x0000000000000002, R9 =0x0000000000000000, R10=0x0000000000800002, R11=0x000000001ebaeb80
R12=0x000000001ed09c80, R13=0x0000000000000002, R14=0x000000001f54c460, R15=0x000000001ed149e8
RIP=0x00000000567b5547, EFLAGS=0x0000000000010283

Top of Stack: (sp=0x000000001f54bd70)
0x000000001f54bd70:   0000000000000003 000000001ed09c70
0x000000001f54bd80:   000000001ed09c70 0000000000000003
0x000000001f54bd90:   0000000000000429 000000001ebe5930
0x000000001f54bda0:   000000001ebe5490 000000001f54bf70
0x000000001f54bdb0:   0000000000000001 0000000002000002
0x000000001f54bdc0:   0000000000000006 000000001ed09c70
0x000000001f54bdd0:   0000000000800002 0000000000000002
0x000000001f54bde0:   0000000000000000 0000000200000002
0x000000001f54bdf0:   0000041600000000 000000001f54c140
0x000000001f54be00:   000000000000000f 000000001ebe2530
0x000000001f54be10:   0000000000800002 0000041600000002
0x000000001f54be20:   000000001f54c140 000000000000000f
0x000000001f54be30:   000000001ebe14d0 0000000100000001
0x000000001f54be40:   000000001fa02530 000000001eaa25f0
0x000000001f54be50:   0000000000000001 00000000000003d8
0x000000001f54be60:   000000001eaa29c8 000000001eaa25e0 

Instructions: (pc=0x00000000567b5547)
0x00000000567b5527:   3b e8 76 0d 41 8b c5 2b c1 a8 01 0f 84 74 03 00
0x00000000567b5537:   00 49 8b 47 08 4a 8b 0c c0 49 8b 86 28 01 00 00
0x00000000567b5547:   48 63 51 28 8b 0c 90 41 3b 8e e8 00 00 00 0f 83
0x00000000567b5557:   4d 03 00 00 49 8b 46 70 8b d9 8b d1 48 8b 48 20 


Register to memory mapping:

RAX=0x000000001ea74090 is an unknown value
RBX=0x0000000000007460 is an unknown value
RCX=0x0000000000000000 is an unknown value
RDX=0x000000000000010a is an unknown value
RSP=0x000000001f54bd70 is pointing into the stack for thread: 0x000000001ea4f800
RBP=0x000000001f54be70 is pointing into the stack for thread: 0x000000001ea4f800
RSI=0x0000000000000006 is an unknown value
RDI=0x000000001ed09c70 is an unknown value
R8 =0x0000000000000002 is an unknown value
R9 =0x0000000000000000 is an unknown value
R10=0x0000000000800002 is an unknown value
R11=0x000000001ebaeb80 is an unknown value
R12=0x000000001ed09c80 is an unknown value
R13=0x0000000000000002 is an unknown value
R14=0x000000001f54c460 is pointing into the stack for thread: 0x000000001ea4f800
R15=0x000000001ed149e8 is an unknown value


Stack: [0x000000001f450000,0x000000001f550000],  sp=0x000000001f54bd70,  free space=1007k
Native frames: (J=compiled Java code, j=interpreted, Vv=VM code, C=native code)
V  [jvm.dll+0x515547]
V  [jvm.dll+0x469202]
V  [jvm.dll+0x4745bb]
V  [jvm.dll+0x476ec7]
V  [jvm.dll+0x4598c2]
V  [jvm.dll+0xa5dc2]
V  [jvm.dll+0xa66ff]
V  [jvm.dll+0x24524f]
V  [jvm.dll+0x29ca6a]
C  [msvcr100.dll+0x21d9f]
C  [msvcr100.dll+0x21e3b]
C  [KERNEL32.DLL+0x13034]
C  [ntdll.dll+0x73691]


Current CompileTask:
C2:    290   88 % !   4       java.io.BufferedReader::readLine @ 131 (304 bytes)


---------------  P R O C E S S  ---------------

Java Threads: ( => current thread )
  0x000000001eafb000 JavaThread "Service Thread" daemon [_thread_blocked, id=2456, stack(0x000000001f650000,0x000000001f750000)]
  0x000000001ea56000 JavaThread "C1 CompilerThread3" daemon [_thread_blocked, id=10900, stack(0x000000001f550000,0x000000001f650000)]
=>0x000000001ea4f800 JavaThread "C2 CompilerThread2" daemon [_thread_in_native, id=13408, stack(0x000000001f450000,0x000000001f550000)]
  0x000000001ea4c800 JavaThread "C2 CompilerThread1" daemon [_thread_in_native, id=10672, stack(0x000000001f350000,0x000000001f450000)]
  0x000000001ea35000 JavaThread "C2 CompilerThread0" daemon [_thread_blocked, id=3356, stack(0x000000001f250000,0x000000001f350000)]
  0x000000001ea3d000 JavaThread "Monitor Ctrl-Break" daemon [_thread_in_native, id=1672, stack(0x000000001f150000,0x000000001f250000)]
  0x000000001e9ed800 JavaThread "Attach Listener" daemon [_thread_blocked, id=8872, stack(0x000000001f050000,0x000000001f150000)]
  0x000000001e999000 JavaThread "Signal Dispatcher" daemon [_thread_blocked, id=13852, stack(0x000000001ef50000,0x000000001f050000)]
  0x000000001e980800 JavaThread "Finalizer" daemon [_thread_blocked, id=12108, stack(0x000000001ed60000,0x000000001ee60000)]
  0x0000000003039000 JavaThread "Reference Handler" daemon [_thread_blocked, id=15132, stack(0x000000001e860000,0x000000001e960000)]
  0x0000000002f43000 JavaThread "main" [_thread_in_native, id=15788, stack(0x0000000002d00000,0x0000000002e00000)]

Other Threads:
  0x000000001ca89800 VMThread [stack: 0x000000001e760000,0x000000001e860000] [id=14896]
  0x000000001eb42000 WatcherThread [stack: 0x000000001f750000,0x000000001f850000] [id=14548]

VM state:not at safepoint (normal execution)

VM Mutex/Monitor currently owned by a thread: None

Heap:
 PSYoungGen      total 76288K, used 24922K [0x000000076b200000, 0x0000000770700000, 0x00000007c0000000)
  eden space 65536K, 38% used [0x000000076b200000,0x000000076ca56968,0x000000076f200000)
  from space 10752K, 0% used [0x000000076fc80000,0x000000076fc80000,0x0000000770700000)
  to   space 10752K, 0% used [0x000000076f200000,0x000000076f200000,0x000000076fc80000)
 ParOldGen       total 175104K, used 0K [0x00000006c1600000, 0x00000006cc100000, 0x000000076b200000)
  object space 175104K, 0% used [0x00000006c1600000,0x00000006c1600000,0x00000006cc100000)
 Metaspace       used 3653K, capacity 4600K, committed 4864K, reserved 1056768K
  class space    used 391K, capacity 424K, committed 512K, reserved 1048576K

Card table byte_map: [0x0000000012400000,0x0000000012c00000] byte_map_base: 0x000000000edf5000

Marking Bits: (ParMarkBitMap*) 0x0000000056abd850
 Begin Bits: [0x0000000013950000, 0x00000000178f8000)
 End Bits:   [0x00000000178f8000, 0x000000001b8a0000)

Polling page: 0x00000000028c0000

CodeCache: size=245760Kb used=1695Kb max_used=1703Kb free=244064Kb
 bounds [0x0000000003040000, 0x00000000032b0000, 0x0000000012040000]
 total_blobs=472 nmethods=210 adapters=175
 compilation: enabled

Compilation events (10 events):
Event: 0.236 Thread 0x000000001ea56000  173       3       java.nio.Buffer::hasRemaining (17 bytes)
Event: 0.236 Thread 0x000000001ea56000 nmethod 173 0x00000000031c4ed0 code [0x00000000031c5020, 0x00000000031c51d0]
Event: 0.237 Thread 0x000000001ea56000  174       3       java.nio.CharBuffer::<init> (22 bytes)
Event: 0.237 Thread 0x000000001ea4c800 nmethod 163 0x00000000031d2b10 code [0x00000000031d2ca0, 0x00000000031d3778]
Event: 0.237 Thread 0x000000001ea4c800  142       4       java.lang.Double::valueOf (9 bytes)
Event: 0.237 Thread 0x000000001ea56000 nmethod 174 0x00000000031c4ad0 code [0x00000000031c4c40, 0x00000000031c4e08]
Event: 0.238 Thread 0x000000001ea4c800 nmethod 142 0x00000000031cd050 code [0x00000000031cd1a0, 0x00000000031cd258]
Event: 0.238 Thread 0x000000001ea4c800  126       4       sun.misc.FDBigInteger::big5pow (37 bytes)
Event: 0.238 Thread 0x000000001ea4c800 nmethod 126 0x00000000031be150 code [0x00000000031be280, 0x00000000031be2f8]
Event: 0.238 Thread 0x000000001ea4c800  175       4       java.util.AbstractCollection::toArray (147 bytes)

GC Heap History (0 events):
No events

Deoptimization events (1 events):
Event: 0.199 Thread 0x0000000002f43000 Uncommon trap: reason=unstable_if action=reinterpret pc=0x00000000031a4b58 method=sun.misc.FDBigInteger.leftShift(I)Lsun/misc/FDBigInteger; @ 323

Internal exceptions (2 events):
Event: 0.048 Thread 0x0000000002f43000 Exception <a 'java/lang/NoSuchMethodError': Method sun.misc.Unsafe.defineClass(Ljava/lang/String;[BII)Ljava/lang/Class; name or signature does not match> (0x000000076b207ca8) thrown at [C:\re\workspace\8-2-build-windows-amd64-cygwin\jdk8u144\9417\hotspot\
Event: 0.048 Thread 0x0000000002f43000 Exception <a 'java/lang/NoSuchMethodError': Method sun.misc.Unsafe.prefetchRead(Ljava/lang/Object;J)V name or signature does not match> (0x000000076b207f90) thrown at [C:\re\workspace\8-2-build-windows-amd64-cygwin\jdk8u144\9417\hotspot\src\share\vm\prims

Events (10 events):
Event: 0.225 Thread 0x0000000002f43000 DEOPT PACKING pc=0x00000000031ab49b sp=0x0000000002dfeed0
Event: 0.225 Thread 0x0000000002f43000 DEOPT UNPACKING pc=0x000000000308787f sp=0x0000000002dfecd0 mode 0
Event: 0.225 Thread 0x0000000002f43000 DEOPT PACKING pc=0x00000000031ab49b sp=0x0000000002dfeed0
Event: 0.225 Thread 0x0000000002f43000 DEOPT UNPACKING pc=0x000000000308787f sp=0x0000000002dfecd0 mode 0
Event: 0.225 Thread 0x0000000002f43000 DEOPT PACKING pc=0x000000000317c202 sp=0x0000000002dff450
Event: 0.225 Thread 0x0000000002f43000 DEOPT UNPACKING pc=0x000000000308787f sp=0x0000000002dff1e8 mode 0
Event: 0.227 Thread 0x0000000002f43000 DEOPT PACKING pc=0x000000000317c202 sp=0x0000000002dff450
Event: 0.227 Thread 0x0000000002f43000 DEOPT UNPACKING pc=0x000000000308787f sp=0x0000000002dff1e8 mode 0
Event: 0.227 Thread 0x0000000002f43000 DEOPT PACKING pc=0x00000000031ab49b sp=0x0000000002dfeed0
Event: 0.227 Thread 0x0000000002f43000 DEOPT UNPACKING pc=0x000000000308787f sp=0x0000000002dfecd0 mode 0


Dynamic libraries:
0x00007ff751100000 - 0x00007ff751137000 	C:\Program Files\Java\jdk1.8.0_144\bin\java.exe
0x00007ff80ca50000 - 0x00007ff80cc31000 	C:\WINDOWS\SYSTEM32\ntdll.dll
0x00007ff809ee0000 - 0x00007ff809f92000 	C:\WINDOWS\System32\KERNEL32.DLL
0x00007ff809750000 - 0x00007ff8099c3000 	C:\WINDOWS\System32\KERNELBASE.dll
0x00007ff80a880000 - 0x00007ff80a921000 	C:\WINDOWS\System32\ADVAPI32.dll
0x00007ff80aac0000 - 0x00007ff80ab5e000 	C:\WINDOWS\System32\msvcrt.dll
0x00007ff80a820000 - 0x00007ff80a87b000 	C:\WINDOWS\System32\sechost.dll
0x00007ff80c890000 - 0x00007ff80c9b4000 	C:\WINDOWS\System32\RPCRT4.dll
0x00007ff80c6d0000 - 0x00007ff80c860000 	C:\WINDOWS\System32\USER32.dll
0x00007ff808fc0000 - 0x00007ff808fe0000 	C:\WINDOWS\System32\win32u.dll
0x00007ff80aa90000 - 0x00007ff80aab8000 	C:\WINDOWS\System32\GDI32.dll
0x00007ff808e20000 - 0x00007ff808fb2000 	C:\WINDOWS\System32\gdi32full.dll
0x00007ff8099d0000 - 0x00007ff809a6f000 	C:\WINDOWS\System32\msvcp_win.dll
0x00007ff809de0000 - 0x00007ff809eda000 	C:\WINDOWS\System32\ucrtbase.dll
0x00007ffff3810000 - 0x00007ffff3a79000 	C:\WINDOWS\WinSxS\amd64_microsoft.windows.common-controls_6595b64144ccf1df_6.0.17134.471_none_fb3e9aab3068fc16\COMCTL32.dll
0x00007ff80ac90000 - 0x00007ff80afb2000 	C:\WINDOWS\System32\combase.dll
0x00007ff809c60000 - 0x00007ff809cda000 	C:\WINDOWS\System32\bcryptPrimitives.dll
0x00007ff80a510000 - 0x00007ff80a53d000 	C:\WINDOWS\System32\IMM32.DLL
0x0000000056b40000 - 0x0000000056c12000 	C:\Program Files\Java\jdk1.8.0_144\jre\bin\msvcr100.dll
0x00000000562a0000 - 0x0000000056b3d000 	C:\Program Files\Java\jdk1.8.0_144\jre\bin\server\jvm.dll
0x00007ff80c860000 - 0x00007ff80c868000 	C:\WINDOWS\System32\PSAPI.DLL
0x00007ffffbf20000 - 0x00007ffffbf2a000 	C:\WINDOWS\SYSTEM32\VERSION.dll
0x00007fffe3f90000 - 0x00007fffe3f99000 	C:\WINDOWS\SYSTEM32\WSOCK32.dll
0x00007ff80a540000 - 0x00007ff80a5ac000 	C:\WINDOWS\System32\WS2_32.dll
0x00007ff806c40000 - 0x00007ff806c63000 	C:\WINDOWS\SYSTEM32\WINMM.dll
0x00007ff806a50000 - 0x00007ff806a7a000 	C:\WINDOWS\SYSTEM32\winmmbase.dll
0x00007ff809d90000 - 0x00007ff809dd9000 	C:\WINDOWS\System32\cfgmgr32.dll
0x0000000057900000 - 0x000000005790f000 	C:\Program Files\Java\jdk1.8.0_144\jre\bin\verify.dll
0x00000000578d0000 - 0x00000000578f9000 	C:\Program Files\Java\jdk1.8.0_144\jre\bin\java.dll
0x0000000056250000 - 0x0000000056273000 	C:\Program Files\Java\jdk1.8.0_144\jre\bin\instrument.dll
0x0000000056280000 - 0x0000000056296000 	C:\Program Files\Java\jdk1.8.0_144\jre\bin\zip.dll
0x00007ff80afc0000 - 0x00007ff80c400000 	C:\WINDOWS\System32\SHELL32.dll
0x00007ff80c400000 - 0x00007ff80c4a9000 	C:\WINDOWS\System32\shcore.dll
0x00007ff808fe0000 - 0x00007ff8096ed000 	C:\WINDOWS\System32\windows.storage.dll
0x00007ff80c9c0000 - 0x00007ff80ca11000 	C:\WINDOWS\System32\shlwapi.dll
0x00007ff808e00000 - 0x00007ff808e11000 	C:\WINDOWS\System32\kernel.appcore.dll
0x00007ff808d60000 - 0x00007ff808d7f000 	C:\WINDOWS\System32\profapi.dll
0x00007ff808d80000 - 0x00007ff808dcc000 	C:\WINDOWS\System32\powrprof.dll
0x00007ff808df0000 - 0x00007ff808dfa000 	C:\WINDOWS\System32\FLTLIB.DLL
0x00007ff803c80000 - 0x00007ff803c9a000 	C:\Program Files\JetBrains\IntelliJ IDEA Community Edition 2018.1.2\bin\breakgen64.dll
0x0000000056230000 - 0x000000005624a000 	C:\Program Files\Java\jdk1.8.0_144\jre\bin\net.dll
0x00007ff808580000 - 0x00007ff8085e6000 	C:\WINDOWS\system32\mswsock.dll
0x00007ff8027d0000 - 0x00007ff802999000 	C:\WINDOWS\SYSTEM32\dbghelp.dll

VM Arguments:
jvm_args: -javaagent:C:\Program Files\JetBrains\IntelliJ IDEA Community Edition 2018.1.2\lib\idea_rt.jar=1422:C:\Program Files\JetBrains\IntelliJ IDEA Community Edition 2018.1.2\bin -Dfile.encoding=UTF-8 
java_command: main.Main
java_class_path (initial): C:\Program Files\Java\jdk1.8.0_144\jre\lib\charsets.jar;C:\Program Files\Java\jdk1.8.0_144\jre\lib\deploy.jar;C:\Program Files\Java\jdk1.8.0_144\jre\lib\ext\access-bridge-64.jar;C:\Program Files\Java\jdk1.8.0_144\jre\lib\ext\cldrdata.jar;C:\Program Files\Java\jdk1.8.0_144\jre\lib\ext\dnsns.jar;C:\Program Files\Java\jdk1.8.0_144\jre\lib\ext\jaccess.jar;C:\Program Files\Java\jdk1.8.0_144\jre\lib\ext\jfxrt.jar;C:\Program Files\Java\jdk1.8.0_144\jre\lib\ext\localedata.jar;C:\Program Files\Java\jdk1.8.0_144\jre\lib\ext\nashorn.jar;C:\Program Files\Java\jdk1.8.0_144\jre\lib\ext\sunec.jar;C:\Program Files\Java\jdk1.8.0_144\jre\lib\ext\sunjce_provider.jar;C:\Program Files\Java\jdk1.8.0_144\jre\lib\ext\sunmscapi.jar;C:\Program Files\Java\jdk1.8.0_144\jre\lib\ext\sunpkcs11.jar;C:\Program Files\Java\jdk1.8.0_144\jre\lib\ext\zipfs.jar;C:\Program Files\Java\jdk1.8.0_144\jre\lib\javaws.jar;C:\Program Files\Java\jdk1.8.0_144\jre\lib\jce.jar;C:\Program Files\Java\jdk1.8.0_144\jre\lib\jfr.jar;C:\Program Files\Java\jdk1.8.0_144\jre\lib\jfxswt.jar;C:\Program Files\Java\jdk1.8.0_144\jre\lib\jsse.jar;C:\Program Files\Java\jdk1.8.0_144\jre\lib\management-agent.jar;C:\Program Files\Java\jdk1.8.0_144\jre\lib\plugin.jar;C:\Program Files\Java\jdk1.8.0_144\jre\lib\resources.jar;C:\Program Files\Java\jdk1.8.0_144\jre\lib\rt.jar;C:\tools\libsvm-3.22\java\libsvm.jar;C:\Users\gzq\Desktop\git\PLC\out\production\PLC;C:\Program Files\JetBrains\IntelliJ IDEA Community Edition 2018.1.2\lib\idea_rt.jar
Launcher Type: SUN_STANDARD

Environment Variables:
JAVA_HOME=C:\Program Files\Java\jdk1.8.0_144
CLASSPATH=.;C:\Program Files\Java\jdk1.8.0_144\lib;C:\Program Files\Java\jdk1.8.0_144\lib\tools.jar;C:\Jars\soot\soot-3.0.0-20180119.132007-252-jar-with-dependencies.jar;C:\Program Files\Weka-3-8\weka.jar;C:\tools\libsvm-3.22\java\libsvm.jar;C:\Jars\mysql-connector-java-8.0.11.jar;
PATH=C:\ProgramData\Oracle\Java\javapath;C:\WINDOWS\system32;C:\WINDOWS;C:\WINDOWS\System32\Wbem;C:\WINDOWS\System32\WindowsPowerShell\v1.0\;C:\Program Files (x86)\SciTools/bin/pc-win32;C:\Program Files\Git\cmd;C:\Program Files\Java\jdk1.8.0_144\bin;C:\Strawberry\c\bin;C:\Strawberry\perl\site\bin;C:\Strawberry\perl\bin;C:\Gradle\gradle-4.4.1\bin;C:\Program Files (x86)\GnuWin32\bin;C:\Program Files (x86)\Graphviz2.38\bin;C:\tools\major\major-1.3.2_jre7\major\bin;C:\wamp64\bin\mysql\mysql5.7.14\bin;C:\tools\apache-maven-3.5.3\bin;C:\WINDOWS\system32\config\systemprofile\.dnx\bin;C:\Program Files\Microsoft DNX\Dnvm\;C:\Program Files\Microsoft SQL Server\120\Tools\Binn\;C:\Program Files\Microsoft SQL Server\130\Tools\Binn\;C:\Program Files (x86)\SumatraPDF\;C:\Program Files\MATLAB\R2018a\runtime\win64;C:\Program Files\MATLAB\R2018a\bin;C:\Program Files (x86)\Vim\vim74;C:\Program Files\CMake\bin;C:\Program Files\gnuplot\bin;C:\tools\libsvm-3.22\windows;C:\tools\liblinear-2.20\windows;C:\wamp64\bin\php\php7.0.10;C:\ProgramData\ComposerSetup\bin;C:\WINDOWS\System32\OpenSSH\;C:\Program Files\R\R-3.5.0\bin\x64;C:\Go\bin;C:\Program Files (x86)\SmartDraw 2012\;C:\Program Files\Geth;;C:\Program Files (x86)\Bitvise SSH Client;C:\Program Files (x86)\Subversion\bin;C:\Python3.7\Scripts\;C:\Python3.7\;C:\Users\gzq\AppData\Local\Programs\Python\Python36-32\Scripts\;C:\Users\gzq\AppData\Local\Programs\Python\Python36-32\;C:\python3\Scripts\;C:\python3\;C:\Users\gzq\AppData\Local\Microsoft\WindowsApps;C:\Program Files\Indri\Indri 5.11\bin;C:\Indri\Indri 5.11\bin;C:\Users\gzq\AppData\Local\Programs\MiKTeX 2.9\miktex\bin\x64\;C:\Users\gzq\AppData\Roaming\Composer\vendor\bin;C:\Indri\Indr5.3\bin;C:\Program Files\Indri\Indri 5.3\bin;C:\Users\gzq\go\bin
USERNAME=gzq
OS=Windows_NT
PROCESSOR_IDENTIFIER=Intel64 Family 6 Model 94 Stepping 3, GenuineIntel



---------------  S Y S T E M  ---------------

OS: Windows 10.0 , 64 bit Build 17134 (10.0.17134.1)

CPU:total 8 (initial active 8) (4 cores per cpu, 2 threads per core) family 6 model 94 stepping 3, cmov, cx8, fxsr, mmx, sse, sse2, sse3, ssse3, sse4.1, sse4.2, popcnt, avx, avx2, aes, clmul, erms, rtm, 3dnowpref, lzcnt, ht, tsc, tscinvbit, bmi1, bmi2, adx

Memory: 4k page, physical 16684764k(9800216k free), swap 19175132k(10456768k free)

vm_info: Java HotSpot(TM) 64-Bit Server VM (25.144-b01) for windows-amd64 JRE (1.8.0_144-b01), built on Jul 21 2017 21:57:33 by "java_re" with MS VC++ 10.0 (VS2010)

time: Sat Dec 15 16:01:40 2018
elapsed time: 0 seconds (0d 0h 0m 0s)

